2019-11-24 22:28:00.772 [restartedMain] INFO  com.maruifu.wechat.WechatApplication - Starting WechatApplication on DESKTOP-E1SQQR7 with PID 16236 (E:\code\myself\publicWechat\target\classes started by MaRuifu in E:\code\myself\publicWechat)
2019-11-24 22:28:00.774 [restartedMain] INFO  com.maruifu.wechat.WechatApplication - The following profiles are active: prod
2019-11-24 22:28:00.821 [restartedMain] INFO  o.s.b.d.env.DevToolsPropertyDefaultsPostProcessor - Devtools property defaults active! Set 'spring.devtools.add-properties' to 'false' to disable
2019-11-24 22:28:00.821 [restartedMain] INFO  o.s.b.d.env.DevToolsPropertyDefaultsPostProcessor - For additional web related logging consider setting the 'logging.level.web' property to 'DEBUG'
2019-11-24 22:28:01.917 [restartedMain] INFO  o.s.boot.web.embedded.tomcat.TomcatWebServer - Tomcat initialized with port(s): 8080 (http)
2019-11-24 22:28:01.927 [restartedMain] INFO  org.apache.coyote.http11.Http11NioProtocol - Initializing ProtocolHandler ["http-nio-8080"]
2019-11-24 22:28:01.928 [restartedMain] INFO  org.apache.catalina.core.StandardService - Starting service [Tomcat]
2019-11-24 22:28:01.928 [restartedMain] INFO  org.apache.catalina.core.StandardEngine - Starting Servlet engine: [Apache Tomcat/9.0.27]
2019-11-24 22:28:02.017 [restartedMain] INFO  o.a.c.core.ContainerBase.[Tomcat].[localhost].[/] - Initializing Spring embedded WebApplicationContext
2019-11-24 22:28:02.017 [restartedMain] INFO  org.springframework.web.context.ContextLoader - Root WebApplicationContext: initialization completed in 1196 ms
2019-11-24 22:28:02.124 [restartedMain] INFO  c.a.d.s.b.a.DruidDataSourceAutoConfigure - Init DruidDataSource
2019-11-24 22:28:02.870 [restartedMain] INFO  com.alibaba.druid.pool.DruidDataSource - {dataSource-1} inited
2019-11-24 22:28:03.096 [restartedMain] INFO  o.s.scheduling.concurrent.ThreadPoolTaskExecutor - Initializing ExecutorService 'applicationTaskExecutor'
2019-11-24 22:28:03.270 [restartedMain] INFO  o.s.b.d.autoconfigure.OptionalLiveReloadServer - LiveReload server is running on port 35729
2019-11-24 22:28:03.293 [restartedMain] INFO  org.apache.coyote.http11.Http11NioProtocol - Starting ProtocolHandler ["http-nio-8080"]
2019-11-24 22:28:03.315 [restartedMain] INFO  o.s.boot.web.embedded.tomcat.TomcatWebServer - Tomcat started on port(s): 8080 (http) with context path ''
2019-11-24 22:28:03.318 [restartedMain] INFO  com.maruifu.wechat.WechatApplication - Started WechatApplication in 3.248 seconds (JVM running for 4.365)
2019-11-24 22:28:45.011 [SpringContextShutdownHook] INFO  o.s.scheduling.concurrent.ThreadPoolTaskExecutor - Shutting down ExecutorService 'applicationTaskExecutor'
2019-11-24 22:28:45.025 [SpringContextShutdownHook] INFO  com.alibaba.druid.pool.DruidDataSource - {dataSource-1} closed
2019-11-24 22:28:48.255 [restartedMain] INFO  com.maruifu.wechat.WechatApplication - Starting WechatApplication on DESKTOP-E1SQQR7 with PID 8384 (E:\code\myself\publicWechat\target\classes started by MaRuifu in E:\code\myself\publicWechat)
2019-11-24 22:28:48.257 [restartedMain] INFO  com.maruifu.wechat.WechatApplication - The following profiles are active: prod
2019-11-24 22:28:48.299 [restartedMain] INFO  o.s.b.d.env.DevToolsPropertyDefaultsPostProcessor - Devtools property defaults active! Set 'spring.devtools.add-properties' to 'false' to disable
2019-11-24 22:28:48.299 [restartedMain] INFO  o.s.b.d.env.DevToolsPropertyDefaultsPostProcessor - For additional web related logging consider setting the 'logging.level.web' property to 'DEBUG'
2019-11-24 22:28:49.089 [restartedMain] INFO  o.s.boot.web.embedded.tomcat.TomcatWebServer - Tomcat initialized with port(s): 8080 (http)
2019-11-24 22:28:49.097 [restartedMain] INFO  org.apache.coyote.http11.Http11NioProtocol - Initializing ProtocolHandler ["http-nio-8080"]
2019-11-24 22:28:49.097 [restartedMain] INFO  org.apache.catalina.core.StandardService - Starting service [Tomcat]
2019-11-24 22:28:49.097 [restartedMain] INFO  org.apache.catalina.core.StandardEngine - Starting Servlet engine: [Apache Tomcat/9.0.27]
2019-11-24 22:28:49.173 [restartedMain] INFO  o.a.c.core.ContainerBase.[Tomcat].[localhost].[/] - Initializing Spring embedded WebApplicationContext
2019-11-24 22:28:49.174 [restartedMain] INFO  org.springframework.web.context.ContextLoader - Root WebApplicationContext: initialization completed in 875 ms
2019-11-24 22:28:49.236 [restartedMain] INFO  c.a.d.s.b.a.DruidDataSourceAutoConfigure - Init DruidDataSource
2019-11-24 22:28:49.938 [restartedMain] INFO  com.alibaba.druid.pool.DruidDataSource - {dataSource-1} inited
2019-11-24 22:28:50.092 [restartedMain] INFO  o.s.scheduling.concurrent.ThreadPoolTaskExecutor - Initializing ExecutorService 'applicationTaskExecutor'
2019-11-24 22:28:50.224 [restartedMain] INFO  o.s.b.d.autoconfigure.OptionalLiveReloadServer - LiveReload server is running on port 35729
2019-11-24 22:28:50.244 [restartedMain] INFO  org.apache.coyote.http11.Http11NioProtocol - Starting ProtocolHandler ["http-nio-8080"]
2019-11-24 22:28:50.260 [restartedMain] INFO  o.s.boot.web.embedded.tomcat.TomcatWebServer - Tomcat started on port(s): 8080 (http) with context path ''
2019-11-24 22:28:50.262 [restartedMain] INFO  com.maruifu.wechat.WechatApplication - Started WechatApplication in 2.524 seconds (JVM running for 3.327)
2019-11-24 22:28:54.630 [http-nio-8080-exec-2] INFO  o.a.c.core.ContainerBase.[Tomcat].[localhost].[/] - Initializing Spring DispatcherServlet 'dispatcherServlet'
2019-11-24 22:28:54.630 [http-nio-8080-exec-2] INFO  org.springframework.web.servlet.DispatcherServlet - Initializing Servlet 'dispatcherServlet'
2019-11-24 22:28:54.635 [http-nio-8080-exec-2] INFO  org.springframework.web.servlet.DispatcherServlet - Completed initialization in 4 ms
2019-11-24 22:28:54.682 [http-nio-8080-exec-2] INFO  com.maruifu.wechat.controller.UserController - 查询用户1
